<?xml version="1.0" encoding="UTF-8"?>
<!-- Generated by org.testng.reporters.JUnitXMLReporter -->
<testsuite hostname="Benny-computer" ignored="0" name="HappyFlowFirefoxTest" tests="2" failures="1" timestamp="24 Nov 2018 08:35:21 GMT" time="20.365" errors="0">
  <testcase name="completeFlowTest" time="9.187" classname="testcases.HappyFlowTest"/>
  <testcase name="missingInfoTest" time="3.076" classname="testcases.HappyFlowTest">
    <failure type="java.lang.AssertionError" message="expected [personal-info] but found [career]">
      <![CDATA[java.lang.AssertionError: expected [personal-info] but found [career]
at testcases.HappyFlowTest.missingInfoTest(HappyFlowTest.java:53)
... Removed 31 stack frames]]>
    </failure>
  </testcase> <!-- missingInfoTest -->
</testsuite> <!-- HappyFlowFirefoxTest -->
