<?xml version="1.0" encoding="UTF-8"?>
<!-- Generated by org.testng.reporters.JUnitXMLReporter -->
<testsuite hostname="Benny-computer" ignored="0" name="HappyFlowChromeTest" tests="1" failures="1" timestamp="27 Nov 2018 17:32:21 GMT" time="27.824" errors="0">
  <testcase name="goodTest" time="23.695" classname="testcases.NewFlowTest">
    <failure type="java.lang.AssertionError" message="null">
      <![CDATA[java.lang.AssertionError: null
at utilities.WebDriverWrapper.getElementByType(WebDriverWrapper.java:109)
at utilities.WebDriverWrapper.getPresentElementById(WebDriverWrapper.java:181)
at testcases.NewFlowTest.goodTest(NewFlowTest.java:17)
... Removed 27 stack frames]]>
    </failure>
  </testcase> <!-- goodTest -->
</testsuite> <!-- HappyFlowChromeTest -->
