<?xml version="1.0" encoding="UTF-8"?>
<testng-results skipped="0" failed="1" ignored="0" total="2" passed="1">
  <reporter-output>
  </reporter-output>
  <suite name="Default suite" duration-ms="25580" started-at="2018-11-22T19:34:28Z" finished-at="2018-11-22T19:34:54Z">
    <groups>
    </groups>
    <test name="Default test" duration-ms="25580" started-at="2018-11-22T19:34:28Z" finished-at="2018-11-22T19:34:54Z">
      <class name="testcases.HappyFlowTest">
        <test-method status="PASS" signature="setup()[pri:0, instance:testcases.HappyFlowTest@544fe44c]" name="setup" is-config="true" duration-ms="3222" started-at="2018-11-22T19:34:28Z" finished-at="2018-11-22T19:34:32Z">
          <reporter-output>
          </reporter-output>
        </test-method> <!-- setup -->
        <test-method status="PASS" signature="completeFlowTest()[pri:1, instance:testcases.HappyFlowTest@544fe44c]" name="completeFlowTest" duration-ms="10116" started-at="2018-11-22T19:34:32Z" finished-at="2018-11-22T19:34:42Z">
          <reporter-output>
          </reporter-output>
        </test-method> <!-- completeFlowTest -->
        <test-method status="PASS" signature="teardown()[pri:0, instance:testcases.HappyFlowTest@544fe44c]" name="teardown" is-config="true" duration-ms="3688" started-at="2018-11-22T19:34:42Z" finished-at="2018-11-22T19:34:45Z">
          <reporter-output>
          </reporter-output>
        </test-method> <!-- teardown -->
        <test-method status="PASS" signature="setup()[pri:0, instance:testcases.HappyFlowTest@544fe44c]" name="setup" is-config="true" duration-ms="2252" started-at="2018-11-22T19:34:45Z" finished-at="2018-11-22T19:34:48Z">
          <reporter-output>
          </reporter-output>
        </test-method> <!-- setup -->
        <test-method status="FAIL" signature="missingInfoTest()[pri:2, instance:testcases.HappyFlowTest@544fe44c]" name="missingInfoTest" duration-ms="2226" started-at="2018-11-22T19:34:48Z" finished-at="2018-11-22T19:34:50Z">
          <exception class="java.lang.AssertionError">
            <message>
              <![CDATA[expected [personal-info] but found [career]]]>
            </message>
            <full-stacktrace>
              <![CDATA[java.lang.AssertionError: expected [personal-info] but found [career]
at org.testng.Assert.fail(Assert.java:96)
at org.testng.Assert.failNotEquals(Assert.java:776)
at org.testng.Assert.assertEqualsImpl(Assert.java:137)
at org.testng.Assert.assertEquals(Assert.java:118)
at org.testng.Assert.assertEquals(Assert.java:453)
at org.testng.Assert.assertEquals(Assert.java:463)
at testcases.HappyFlowTest.missingInfoTest(HappyFlowTest.java:57)
at sun.reflect.NativeMethodAccessorImpl.invoke0(Native Method)
at sun.reflect.NativeMethodAccessorImpl.invoke(Unknown Source)
at sun.reflect.DelegatingMethodAccessorImpl.invoke(Unknown Source)
at java.lang.reflect.Method.invoke(Unknown Source)
at org.testng.internal.MethodInvocationHelper.invokeMethod(MethodInvocationHelper.java:124)
at org.testng.internal.Invoker.invokeMethod(Invoker.java:583)
at org.testng.internal.Invoker.invokeTestMethod(Invoker.java:719)
at org.testng.internal.Invoker.invokeTestMethods(Invoker.java:989)
at org.testng.internal.TestMethodWorker.invokeTestMethods(TestMethodWorker.java:125)
at org.testng.internal.TestMethodWorker.run(TestMethodWorker.java:109)
at org.testng.TestRunner.privateRun(TestRunner.java:648)
at org.testng.TestRunner.run(TestRunner.java:505)
at org.testng.SuiteRunner.runTest(SuiteRunner.java:455)
at org.testng.SuiteRunner.runSequentially(SuiteRunner.java:450)
at org.testng.SuiteRunner.privateRun(SuiteRunner.java:415)
at org.testng.SuiteRunner.run(SuiteRunner.java:364)
at org.testng.SuiteRunnerWorker.runSuite(SuiteRunnerWorker.java:52)
at org.testng.SuiteRunnerWorker.run(SuiteRunnerWorker.java:84)
at org.testng.TestNG.runSuitesSequentially(TestNG.java:1208)
at org.testng.TestNG.runSuitesLocally(TestNG.java:1137)
at org.testng.TestNG.runSuites(TestNG.java:1049)
at org.testng.TestNG.run(TestNG.java:1017)
at org.testng.remote.AbstractRemoteTestNG.run(AbstractRemoteTestNG.java:114)
at org.testng.remote.RemoteTestNG.initAndRun(RemoteTestNG.java:251)
at org.testng.remote.RemoteTestNG.main(RemoteTestNG.java:77)
]]>
            </full-stacktrace>
          </exception> <!-- java.lang.AssertionError -->
          <reporter-output>
          </reporter-output>
        </test-method> <!-- missingInfoTest -->
        <test-method status="PASS" signature="teardown()[pri:0, instance:testcases.HappyFlowTest@544fe44c]" name="teardown" is-config="true" duration-ms="3686" started-at="2018-11-22T19:34:50Z" finished-at="2018-11-22T19:34:54Z">
          <reporter-output>
          </reporter-output>
        </test-method> <!-- teardown -->
      </class> <!-- testcases.HappyFlowTest -->
    </test> <!-- Default test -->
  </suite> <!-- Default suite -->
</testng-results>
